# JRE version: Java(TM) SE Runtime Environment (9.0+11) (build 9.0.4+11)
# Java VM: Java HotSpot(TM) 64-Bit Server VM (9.0.4+11, mixed mode, tiered, compressed oops, g1 gc, windows-amd64)
Heap:
 garbage-first heap   total 195584K, used 73960K [0x0000000700000000, 0x00000007001005f8, 0x00000007c0000000)
  region size 1024K, 21 young (21504K), 4 survivors (4096K)
 Metaspace       used 71468K, capacity 75577K, committed 75676K, reserved 1114112K
  class space    used 9828K, capacity 10561K, committed 10652K, reserved 1048576K
GC Heap History (10 events):
Event: 23.816 GC heap before
{Heap before GC invocations=24 (full 1):
 garbage-first heap   total 157696K, used 115314K [0x0000000700000000, 0x00000007001004d0, 0x00000007c0000000)
  region size 1024K, 60 young (61440K), 1 survivors (1024K)
 Metaspace       used 68833K, capacity 72513K, committed 72732K, reserved 1112064K
  class space    used 9584K, capacity 10239K, committed 10268K, reserved 1048576K
}
Event: 23.822 GC heap after
{Heap after GC invocations=25 (full 1):
 garbage-first heap   total 157696K, used 55120K [0x0000000700000000, 0x00000007001004d0, 0x00000007c0000000)
  region size 1024K, 1 young (1024K), 1 survivors (1024K)
 Metaspace       used 68833K, capacity 72513K, committed 72732K, reserved 1112064K
  class space    used 9584K, capacity 10239K, committed 10268K, reserved 1048576K
}
Event: 26.413 GC heap before
{Heap before GC invocations=25 (full 1):
 garbage-first heap   total 157696K, used 115536K [0x0000000700000000, 0x00000007001004d0, 0x00000007c0000000)
  region size 1024K, 60 young (61440K), 1 survivors (1024K)
 Metaspace       used 69045K, capacity 72705K, committed 72988K, reserved 1112064K
  class space    used 9584K, capacity 10239K, committed 10268K, reserved 1048576K
}
Event: 26.415 GC heap after
{Heap after GC invocations=26 (full 1):
 garbage-first heap   total 157696K, used 55015K [0x0000000700000000, 0x00000007001004d0, 0x00000007c0000000)
  region size 1024K, 1 young (1024K), 1 survivors (1024K)
 Metaspace       used 69045K, capacity 72705K, committed 72988K, reserved 1112064K
  class space    used 9584K, capacity 10239K, committed 10268K, reserved 1048576K
}
Event: 29.756 GC heap before
{Heap before GC invocations=26 (full 1):
 garbage-first heap   total 157696K, used 115431K [0x0000000700000000, 0x00000007001004d0, 0x00000007c0000000)
  region size 1024K, 60 young (61440K), 1 survivors (1024K)
 Metaspace       used 70080K, capacity 74099K, committed 74268K, reserved 1114112K
  class space    used 9727K, capacity 10470K, committed 10524K, reserved 1048576K
}
Event: 29.762 GC heap after
{Heap after GC invocations=27 (full 1):
 garbage-first heap   total 195584K, used 57587K [0x0000000700000000, 0x00000007001005f8, 0x00000007c0000000)
  region size 1024K, 4 young (4096K), 4 survivors (4096K)
 Metaspace       used 70080K, capacity 74099K, committed 74268K, reserved 1114112K
  class space    used 9727K, capacity 10470K, committed 10524K, reserved 1048576K
}
Event: 31.991 GC heap before
{Heap before GC invocations=27 (full 1):
 garbage-first heap   total 195584K, used 114931K [0x0000000700000000, 0x00000007001005f8, 0x00000007c0000000)
  region size 1024K, 60 young (61440K), 4 survivors (4096K)
 Metaspace       used 70811K, capacity 74903K, committed 75036K, reserved 1114112K
  class space    used 9748K, capacity 10492K, committed 10524K, reserved 1048576K
}
Event: 31.996 GC heap after
{Heap after GC invocations=28 (full 1):
 garbage-first heap   total 195584K, used 57484K [0x0000000700000000, 0x00000007001005f8, 0x00000007c0000000)
  region size 1024K, 3 young (3072K), 3 survivors (3072K)
 Metaspace       used 70811K, capacity 74903K, committed 75036K, reserved 1114112K
  class space    used 9748K, capacity 10492K, committed 10524K, reserved 1048576K
}
Event: 76.282 GC heap before
{Heap before GC invocations=28 (full 1):
 garbage-first heap   total 195584K, used 115852K [0x0000000700000000, 0x00000007001005f8, 0x00000007c0000000)
  region size 1024K, 60 young (61440K), 3 survivors (3072K)
 Metaspace       used 71050K, capacity 75101K, committed 75292K, reserved 1114112K
  class space    used 9750K, capacity 10493K, committed 10524K, reserved 1048576K
}
Event: 76.287 GC heap after
{Heap after GC invocations=29 (full 1):
 garbage-first heap   total 195584K, used 57576K [0x0000000700000000, 0x00000007001005f8, 0x00000007c0000000)
  region size 1024K, 4 young (4096K), 4 survivors (4096K)
 Metaspace       used 71050K, capacity 75101K, committed 75292K, reserved 1114112K
  class space    used 9750K, capacity 10493K, committed 10524K, reserved 1048576K
}

