# JRE version: Java(TM) SE Runtime Environment (9.0+11) (build 9.0.4+11)
# Java VM: Java HotSpot(TM) 64-Bit Server VM (9.0.4+11, mixed mode, tiered, compressed oops, g1 gc, windows-amd64)
Heap:
 garbage-first heap   total 157696K, used 57677K [0x0000000700000000, 0x00000007001004d0, 0x00000007c0000000)
  region size 1024K, 32 young (32768K), 4 survivors (4096K)
 Metaspace       used 37362K, capacity 39267K, committed 39344K, reserved 1083392K
  class space    used 4650K, capacity 5000K, committed 5040K, reserved 1048576K
GC Heap History (10 events):
Event: 2.289 GC heap before
{Heap before GC invocations=3 (full 0):
 garbage-first heap   total 131072K, used 83909K [0x0000000700000000, 0x0000000700100400, 0x00000007c0000000)
  region size 1024K, 60 young (61440K), 2 survivors (2048K)
 Metaspace       used 27493K, capacity 28766K, committed 28976K, reserved 1075200K
  class space    used 3074K, capacity 3328K, committed 3376K, reserved 1048576K
}
Event: 2.309 GC heap after
{Heap after GC invocations=4 (full 0):
 garbage-first heap   total 131072K, used 34662K [0x0000000700000000, 0x0000000700100400, 0x00000007c0000000)
  region size 1024K, 8 young (8192K), 8 survivors (8192K)
 Metaspace       used 27493K, capacity 28766K, committed 28976K, reserved 1075200K
  class space    used 3074K, capacity 3328K, committed 3376K, reserved 1048576K
}
Event: 2.389 GC heap before
{Heap before GC invocations=4 (full 0):
 garbage-first heap   total 131072K, used 87910K [0x0000000700000000, 0x0000000700100400, 0x00000007c0000000)
  region size 1024K, 60 young (61440K), 8 survivors (8192K)
 Metaspace       used 27516K, capacity 28830K, committed 29232K, reserved 1075200K
  class space    used 3075K, capacity 3328K, committed 3376K, reserved 1048576K
}
Event: 2.394 GC heap after
{Heap after GC invocations=5 (full 0):
 garbage-first heap   total 131072K, used 30721K [0x0000000700000000, 0x0000000700100400, 0x00000007c0000000)
  region size 1024K, 1 young (1024K), 1 survivors (1024K)
 Metaspace       used 27516K, capacity 28830K, committed 29232K, reserved 1075200K
  class space    used 3075K, capacity 3328K, committed 3376K, reserved 1048576K
}
Event: 2.511 GC heap before
{Heap before GC invocations=5 (full 0):
 garbage-first heap   total 131072K, used 91137K [0x0000000700000000, 0x0000000700100400, 0x00000007c0000000)
  region size 1024K, 60 young (61440K), 1 survivors (1024K)
 Metaspace       used 27629K, capacity 28894K, committed 29232K, reserved 1075200K
  class space    used 3080K, capacity 3328K, committed 3376K, reserved 1048576K
}
Event: 2.512 GC heap after
{Heap after GC invocations=6 (full 0):
 garbage-first heap   total 157696K, used 30829K [0x0000000700000000, 0x00000007001004d0, 0x00000007c0000000)
  region size 1024K, 1 young (1024K), 1 survivors (1024K)
 Metaspace       used 27629K, capacity 28894K, committed 29232K, reserved 1075200K
  class space    used 3080K, capacity 3328K, committed 3376K, reserved 1048576K
}
Event: 3.116 GC heap before
{Heap before GC invocations=6 (full 0):
 garbage-first heap   total 157696K, used 92269K [0x0000000700000000, 0x00000007001004d0, 0x00000007c0000000)
  region size 1024K, 60 young (61440K), 1 survivors (1024K)
 Metaspace       used 32920K, capacity 34240K, committed 34736K, reserved 1079296K
  class space    used 3867K, capacity 4157K, committed 4272K, reserved 1048576K
}
Event: 3.119 GC heap after
{Heap after GC invocations=7 (full 0):
 garbage-first heap   total 157696K, used 33484K [0x0000000700000000, 0x00000007001004d0, 0x00000007c0000000)
  region size 1024K, 4 young (4096K), 4 survivors (4096K)
 Metaspace       used 32920K, capacity 34240K, committed 34736K, reserved 1079296K
  class space    used 3867K, capacity 4157K, committed 4272K, reserved 1048576K
}
Event: 3.346 GC heap before
{Heap before GC invocations=7 (full 0):
 garbage-first heap   total 157696K, used 45772K [0x0000000700000000, 0x00000007001004d0, 0x00000007c0000000)
  region size 1024K, 17 young (17408K), 4 survivors (4096K)
 Metaspace       used 34239K, capacity 35588K, committed 35888K, reserved 1081344K
  class space    used 4031K, capacity 4323K, committed 4400K, reserved 1048576K
}
Event: 3.349 GC heap after
{Heap after GC invocations=8 (full 0):
 garbage-first heap   total 157696K, used 34125K [0x0000000700000000, 0x00000007001004d0, 0x00000007c0000000)
  region size 1024K, 4 young (4096K), 4 survivors (4096K)
 Metaspace       used 34239K, capacity 35588K, committed 35888K, reserved 1081344K
  class space    used 4031K, capacity 4323K, committed 4400K, reserved 1048576K
}

